<?xml version="1.0" encoding="UTF-8"?>
<!-- Generated by org.testng.reporters.JUnitXMLReporter -->
<testsuite hostname="DESKTOP-S5J6QL3" failures="0" tests="2" name="Default test" time="0.038" errors="0" timestamp="21 Jan 2019 08:12:11 GMT">
  <testcase classname="MavenProjectFramework.MavenProjectFramework.UserCustomer" name="createUserCustomer" time="0.017"/>
  <testcase classname="MavenProjectFramework.MavenProjectFramework.UserCustomer" name="modifyUserCustomer" time="0.002"/>
</testsuite> <!-- Default test -->
