<?xml version="1.0" encoding="UTF-8"?>
<testng-results total="2" passed="2" failed="0" skipped="0">
  <reporter-output>
  </reporter-output>
  <suite started-at="2019-01-21T08:12:11Z" name="Default suite" finished-at="2019-01-21T08:12:11Z" duration-ms="38">
    <groups>
    </groups>
    <test started-at="2019-01-21T08:12:11Z" name="Default test" finished-at="2019-01-21T08:12:11Z" duration-ms="38">
      <class name="MavenProjectFramework.MavenProjectFramework.UserCustomer">
        <test-method signature="createUserCustomer()[pri:0, instance:MavenProjectFramework.MavenProjectFramework.UserCustomer@43c1b556]" started-at="2019-01-21T13:42:11Z" name="createUserCustomer" finished-at="2019-01-21T13:42:11Z" duration-ms="17" status="PASS">
          <reporter-output>
          </reporter-output>
        </test-method> <!-- createUserCustomer -->
        <test-method signature="modifyUserCustomer()[pri:0, instance:MavenProjectFramework.MavenProjectFramework.UserCustomer@43c1b556]" started-at="2019-01-21T13:42:11Z" name="modifyUserCustomer" finished-at="2019-01-21T13:42:11Z" duration-ms="2" status="PASS">
          <reporter-output>
          </reporter-output>
        </test-method> <!-- modifyUserCustomer -->
      </class> <!-- MavenProjectFramework.MavenProjectFramework.UserCustomer -->
    </test> <!-- Default test -->
  </suite> <!-- Default suite -->
</testng-results>
